<?xml version="1.0" encoding="UTF-8"?>
<!-- Generated by org.testng.reporters.JUnitXMLReporter -->
<testsuite ignored="2" hostname="DESKTOP-UV15VD0" failures="0" tests="1" name="Test" time="0.047" errors="0" timestamp="26 Jun 2018 14:50:48 GMT">
  <testcase classname="testng.GroupsTest" name="f" time="0.015"/>
  <testcase classname="testng.GroupsTest" name="h" time="0.0">
    <ignored/>
  </testcase> <!-- h -->
  <testcase classname="testng.GroupsTest" name="g" time="0.0">
    <ignored/>
  </testcase> <!-- g -->
</testsuite> <!-- Test -->
