<?xml version="1.0" encoding="UTF-8"?>
<testng-results ignored="2" total="3" passed="1" failed="0" skipped="0">
  <reporter-output>
  </reporter-output>
  <suite started-at="2018-06-26T14:50:48Z" name="Suite" finished-at="2018-06-26T14:50:48Z" duration-ms="47">
    <groups>
      <group name="flavour">
        <method signature="GroupsTest.f()[pri:0, instance:testng.GroupsTest@65b3f4a4]" name="f" class="testng.GroupsTest"/>
      </group> <!-- flavour -->
    </groups>
    <test started-at="2018-06-26T14:50:48Z" name="Test" finished-at="2018-06-26T14:50:48Z" duration-ms="47">
      <class name="testng.GroupsTest">
        <test-method signature="f()[pri:0, instance:testng.GroupsTest@65b3f4a4]" started-at="2018-06-26T14:50:48Z" name="f" finished-at="2018-06-26T14:50:48Z" duration-ms="15" status="PASS">
          <reporter-output>
          </reporter-output>
        </test-method> <!-- f -->
      </class> <!-- testng.GroupsTest -->
    </test> <!-- Test -->
  </suite> <!-- Suite -->
</testng-results>
